0 info it worked if it ends with ok
1 verbose cli [ '/usr/local/Cellar/node/4.1.1/bin/node',
1 verbose cli   '/usr/local/bin/npm',
1 verbose cli   'start' ]
2 info using npm@3.6.0
3 info using node@v4.1.1
4 verbose run-script [ 'prestart', 'start', 'poststart' ]
5 info lifecycle firstAngular2@1.0.0~prestart: firstAngular2@1.0.0
6 silly lifecycle firstAngular2@1.0.0~prestart: no script for prestart, continuing
7 info lifecycle firstAngular2@1.0.0~start: firstAngular2@1.0.0
8 verbose lifecycle firstAngular2@1.0.0~start: unsafe-perm in lifecycle true
9 verbose lifecycle firstAngular2@1.0.0~start: PATH: /usr/local/lib/node_modules/npm/bin/node-gyp-bin:/Users/anibalajt/git/angular2/node_modules/.bin:/Users/anibalajt/.rvm/gems/ruby-2.0.0-p643/bin:/Users/anibalajt/.rvm/gems/ruby-2.0.0-p643@global/bin:/Users/anibalajt/.rvm/rubies/ruby-2.0.0-p643/bin:/Library/Frameworks/Python.framework/Versions/3.5/bin:/usr/bin:/bin:/usr/sbin:/sbin:/usr/local/bin:/Users/anibalajt/.rvm/bin
10 verbose lifecycle firstAngular2@1.0.0~start: CWD: /Users/anibalajt/git/angular2
11 silly lifecycle firstAngular2@1.0.0~start: Args: [ '-c', 'tsc && concurrently "npm run tsc:w" "npm run lite" ' ]
12 silly lifecycle firstAngular2@1.0.0~start: Returned: code: 143  signal: null
13 info lifecycle firstAngular2@1.0.0~start: Failed to exec start script
14 verbose stack Error: firstAngular2@1.0.0 start: `tsc && concurrently "npm run tsc:w" "npm run lite" `
14 verbose stack Exit status 143
14 verbose stack     at EventEmitter.<anonymous> (/usr/local/lib/node_modules/npm/lib/utils/lifecycle.js:232:16)
14 verbose stack     at emitTwo (events.js:87:13)
14 verbose stack     at EventEmitter.emit (events.js:172:7)
14 verbose stack     at ChildProcess.<anonymous> (/usr/local/lib/node_modules/npm/lib/utils/spawn.js:24:14)
14 verbose stack     at emitTwo (events.js:87:13)
14 verbose stack     at ChildProcess.emit (events.js:172:7)
14 verbose stack     at maybeClose (internal/child_process.js:817:16)
14 verbose stack     at Process.ChildProcess._handle.onexit (internal/child_process.js:211:5)
15 verbose pkgid firstAngular2@1.0.0
16 verbose cwd /Users/anibalajt/git/angular2
17 error Darwin 15.4.0
18 error argv "/usr/local/Cellar/node/4.1.1/bin/node" "/usr/local/bin/npm" "start"
19 error node v4.1.1
20 error npm  v3.6.0
21 error code ELIFECYCLE
22 error firstAngular2@1.0.0 start: `tsc && concurrently "npm run tsc:w" "npm run lite" `
22 error Exit status 143
23 error Failed at the firstAngular2@1.0.0 start script 'tsc && concurrently "npm run tsc:w" "npm run lite" '.
23 error Make sure you have the latest version of node.js and npm installed.
23 error If you do, this is most likely a problem with the firstAngular2 package,
23 error not with npm itself.
23 error Tell the author that this fails on your system:
23 error     tsc && concurrently "npm run tsc:w" "npm run lite"
23 error You can get information on how to open an issue for this project with:
23 error     npm bugs firstAngular2
23 error Or if that isn't available, you can get their info via:
23 error     npm owner ls firstAngular2
23 error There is likely additional logging output above.
24 verbose exit [ 1, true ]
